<?xml version="1.0" encoding="UTF-8"?>
<testng-results ignored="0" total="1" passed="1" failed="0" skipped="0">
  <reporter-output>
  </reporter-output>
  <suite started-at="2024-01-28T19:53:26 IST" name="Default suite" finished-at="2024-01-28T19:53:35 IST" duration-ms="8965">
    <groups>
    </groups>
    <test started-at="2024-01-28T19:53:26 IST" name="Default test" finished-at="2024-01-28T19:53:35 IST" duration-ms="8965">
      <class name="com.demo_01.SelectElementPractice">
        <test-method is-config="true" signature="beforeClass()[pri:0, instance:com.demo_01.SelectElementPractice@35d3ab60]" started-at="2024-01-28T19:53:26 IST" name="beforeClass" finished-at="2024-01-28T19:53:26 IST" duration-ms="17" status="PASS">
          <reporter-output>
          </reporter-output>
        </test-method> <!-- beforeClass -->
        <test-method signature="f()[pri:0, instance:com.demo_01.SelectElementPractice@35d3ab60]" started-at="2024-01-28T19:53:26 IST" name="f" finished-at="2024-01-28T19:53:34 IST" duration-ms="8411" status="PASS">
          <reporter-output>
          </reporter-output>
        </test-method> <!-- f -->
        <test-method is-config="true" signature="afterClass()[pri:0, instance:com.demo_01.SelectElementPractice@35d3ab60]" started-at="2024-01-28T19:53:34 IST" name="afterClass" finished-at="2024-01-28T19:53:35 IST" duration-ms="459" status="PASS">
          <reporter-output>
          </reporter-output>
        </test-method> <!-- afterClass -->
      </class> <!-- com.demo_01.SelectElementPractice -->
    </test> <!-- Default test -->
  </suite> <!-- Default suite -->
</testng-results>
