<?xml version="1.0" encoding="UTF-8"?>
<!-- Generated by org.testng.reporters.JUnitXMLReporter -->
<testsuite ignored="0" hostname="DESKTOP-OIINU8J" failures="0" tests="4" name="Test" time="0.127" errors="0" timestamp="2023-12-19T08:34:32 IST">
  <testcase classname="com.demo_01.Demo01" name="f" time="0.01"/>
  <testcase classname="com.demo_01.Demo01" name="f" time="0.005"/>
  <testcase classname="com.demo_01.Demo02" name="f" time="0.002"/>
  <testcase classname="com.demo_01.Demo02" name="f" time="0.002"/>
</testsuite> <!-- Test -->
