<?xml version="1.0" encoding="UTF-8"?>
<!-- Generated by org.testng.reporters.JUnitXMLReporter -->
<testsuite ignored="0" hostname="DESKTOP-OIINU8J" failures="0" tests="4" name="Test1" time="0.109" errors="0" timestamp="2023-03-12T09:21:51 IST">
  <testcase classname="demos.Demo1" name="testCase" time="0.007"/>
  <testcase classname="demos.Demo2" name="Test" time="0.003"/>
  <testcase classname="demos.Demo3" name="testCase" time="0.003"/>
  <testcase classname="demos.Demo4" name="testCase" time="0.003"/>
</testsuite> <!-- Test1 -->
