<?xml version="1.0" encoding="UTF-8"?>
<!-- Generated by org.testng.reporters.JUnitXMLReporter -->
<testsuite ignored="0" hostname="DESKTOP-OIINU8J" failures="0" tests="2" name="Default test" time="19.057" errors="0" timestamp="2024-04-18T20:31:34 IST">
  <testcase classname="com.demo_02.SelectAndMouseOverAndDragAndDrop" name="mouseOver" time="13.553"/>
  <testcase classname="com.demo_02.SelectAndMouseOverAndDragAndDrop" name="selectFromDropDown" time="4.521"/>
</testsuite> <!-- Default test -->
