<?xml version="1.0" encoding="UTF-8"?>
<!-- Generated by org.testng.reporters.JUnitXMLReporter -->
<testsuite ignored="0" hostname="DESKTOP-OIINU8J" failures="0" tests="6" name="Default test" time="0.119" errors="0" timestamp="2023-12-31T11:04:31 IST">
  <testcase classname="com.demo_01.Demo02" name="f" time="0.011"/>
  <testcase classname="com.demo_01.Demo02" name="f" time="0.003"/>
  <testcase classname="com.demo_01.Demo02" name="f" time="0.002"/>
  <testcase classname="com.demo_01.Demo02" name="g" time="0.003"/>
  <testcase classname="com.demo_01.Demo02" name="g" time="0.004"/>
  <testcase classname="com.demo_01.Demo02" name="g" time="0.001"/>
</testsuite> <!-- Default test -->
