<?xml version="1.0" encoding="UTF-8"?>
<testng-results ignored="0" total="1" passed="1" failed="0" skipped="0">
  <reporter-output>
  </reporter-output>
  <suite started-at="2023-03-10T08:50:56 IST" name="Suite" finished-at="2023-03-10T08:50:56 IST" duration-ms="79">
    <groups>
    </groups>
    <test started-at="2023-03-10T08:50:56 IST" name="Test" finished-at="2023-03-10T08:50:56 IST" duration-ms="79">
      <class name="demos.Demo5_testNG_Parameter_Optional">
        <test-method is-config="true" signature="beforeClass(java.lang.String,java.lang.String)[pri:0, instance:demos.Demo5_testNG_Parameter_Optional@4e5ed836]" started-at="2023-03-10T08:50:56 IST" name="beforeClass" finished-at="2023-03-10T08:50:56 IST" duration-ms="20" status="PASS">
          <params>
            <param index="0">
              <value>
                <![CDATA[chrome]]>
              </value>
            </param>
            <param index="1">
              <value>
                <![CDATA[https://www.ameriprise.com/]]>
              </value>
            </param>
          </params>
          <reporter-output>
          </reporter-output>
        </test-method> <!-- beforeClass -->
        <test-method signature="f()[pri:0, instance:demos.Demo5_testNG_Parameter_Optional@4e5ed836]" started-at="2023-03-10T08:50:56 IST" name="f" finished-at="2023-03-10T08:50:56 IST" duration-ms="7" status="PASS">
          <reporter-output>
          </reporter-output>
        </test-method> <!-- f -->
      </class> <!-- demos.Demo5_testNG_Parameter_Optional -->
    </test> <!-- Test -->
  </suite> <!-- Suite -->
</testng-results>
